2026-05-24 19:09:11 [INFO] excel_generator: Excel generado exitosamente: cierres\cierre_2026-05-24_Juan.xlsx
2026-05-24 19:09:14 [ERROR] mail_sender: Error al enviar el correo
Traceback (most recent call last):
  File "C:\Users\Usuario\Documents\automatizacion_caja\mail_sender.py", line 70, in enviar_correo
    servidor.login(gmail_user, gmail_password)
    ~~~~~~~~~~~~~~^^^^^^^^^^^^^^^^^^^^^^^^^^^^
  File "C:\Users\Usuario\AppData\Local\Programs\Python\Python313\Lib\smtplib.py", line 750, in login
    raise last_exception
  File "C:\Users\Usuario\AppData\Local\Programs\Python\Python313\Lib\smtplib.py", line 739, in login
    (code, resp) = self.auth(
                   ~~~~~~~~~^
        authmethod, getattr(self, method_name),
        ^^^^^^^^^^^^^^^^^^^^^^^^^^^^^^^^^^^^^^^
        initial_response_ok=initial_response_ok)
        ^^^^^^^^^^^^^^^^^^^^^^^^^^^^^^^^^^^^^^^^
  File "C:\Users\Usuario\AppData\Local\Programs\Python\Python313\Lib\smtplib.py", line 662, in auth
    raise SMTPAuthenticationError(code, resp)
smtplib.SMTPAuthenticationError: (535, b'5.7.8 Username and Password not accepted. For more information, go to\n5.7.8  https://support.google.com/mail/?p=BadCredentials 71dfb90a1353d-586f2f791d1sm10130936e0c.5 - gsmtp')
2026-05-24 19:09:14 [ERROR] __main__: Error durante la ejecucion
Traceback (most recent call last):
  File "C:\Users\Usuario\Documents\automatizacion_caja\enviar_cierre.py", line 102, in main
    enviar_correo(
    ~~~~~~~~~~~~~^
        archivo_excel=ruta_excel,
        ^^^^^^^^^^^^^^^^^^^^^^^^^
    ...<2 lines>...
        cajero=args.cajero,
        ^^^^^^^^^^^^^^^^^^^
    )
    ^
  File "C:\Users\Usuario\Documents\automatizacion_caja\mail_sender.py", line 70, in enviar_correo
    servidor.login(gmail_user, gmail_password)
    ~~~~~~~~~~~~~~^^^^^^^^^^^^^^^^^^^^^^^^^^^^
  File "C:\Users\Usuario\AppData\Local\Programs\Python\Python313\Lib\smtplib.py", line 750, in login
    raise last_exception
  File "C:\Users\Usuario\AppData\Local\Programs\Python\Python313\Lib\smtplib.py", line 739, in login
    (code, resp) = self.auth(
                   ~~~~~~~~~^
        authmethod, getattr(self, method_name),
        ^^^^^^^^^^^^^^^^^^^^^^^^^^^^^^^^^^^^^^^
        initial_response_ok=initial_response_ok)
        ^^^^^^^^^^^^^^^^^^^^^^^^^^^^^^^^^^^^^^^^
  File "C:\Users\Usuario\AppData\Local\Programs\Python\Python313\Lib\smtplib.py", line 662, in auth
    raise SMTPAuthenticationError(code, resp)
smtplib.SMTPAuthenticationError: (535, b'5.7.8 Username and Password not accepted. For more information, go to\n5.7.8  https://support.google.com/mail/?p=BadCredentials 71dfb90a1353d-586f2f791d1sm10130936e0c.5 - gsmtp')
2026-05-24 19:26:41 [INFO] excel_generator: Excel generado exitosamente: cierres\cierre_2026-05-24_Juan.xlsx
2026-05-24 19:26:44 [ERROR] mail_sender: Error al enviar el correo
Traceback (most recent call last):
  File "C:\Users\Usuario\Documents\automatizacion_caja\mail_sender.py", line 70, in enviar_correo
    servidor.login(gmail_user, gmail_password)
    ~~~~~~~~~~~~~~^^^^^^^^^^^^^^^^^^^^^^^^^^^^
  File "C:\Users\Usuario\AppData\Local\Programs\Python\Python313\Lib\smtplib.py", line 750, in login
    raise last_exception
  File "C:\Users\Usuario\AppData\Local\Programs\Python\Python313\Lib\smtplib.py", line 739, in login
    (code, resp) = self.auth(
                   ~~~~~~~~~^
        authmethod, getattr(self, method_name),
        ^^^^^^^^^^^^^^^^^^^^^^^^^^^^^^^^^^^^^^^
        initial_response_ok=initial_response_ok)
        ^^^^^^^^^^^^^^^^^^^^^^^^^^^^^^^^^^^^^^^^
  File "C:\Users\Usuario\AppData\Local\Programs\Python\Python313\Lib\smtplib.py", line 662, in auth
    raise SMTPAuthenticationError(code, resp)
smtplib.SMTPAuthenticationError: (535, b'5.7.8 Username and Password not accepted. For more information, go to\n5.7.8  https://support.google.com/mail/?p=BadCredentials 5a478bee46e88-30452461cb5sm9396724eec.31 - gsmtp')
2026-05-24 19:26:44 [ERROR] __main__: Error durante la ejecucion
Traceback (most recent call last):
  File "C:\Users\Usuario\Documents\automatizacion_caja\enviar_cierre.py", line 102, in main
    enviar_correo(
    ~~~~~~~~~~~~~^
        archivo_excel=ruta_excel,
        ^^^^^^^^^^^^^^^^^^^^^^^^^
    ...<2 lines>...
        cajero=args.cajero,
        ^^^^^^^^^^^^^^^^^^^
    )
    ^
  File "C:\Users\Usuario\Documents\automatizacion_caja\mail_sender.py", line 70, in enviar_correo
    servidor.login(gmail_user, gmail_password)
    ~~~~~~~~~~~~~~^^^^^^^^^^^^^^^^^^^^^^^^^^^^
  File "C:\Users\Usuario\AppData\Local\Programs\Python\Python313\Lib\smtplib.py", line 750, in login
    raise last_exception
  File "C:\Users\Usuario\AppData\Local\Programs\Python\Python313\Lib\smtplib.py", line 739, in login
    (code, resp) = self.auth(
                   ~~~~~~~~~^
        authmethod, getattr(self, method_name),
        ^^^^^^^^^^^^^^^^^^^^^^^^^^^^^^^^^^^^^^^
        initial_response_ok=initial_response_ok)
        ^^^^^^^^^^^^^^^^^^^^^^^^^^^^^^^^^^^^^^^^
  File "C:\Users\Usuario\AppData\Local\Programs\Python\Python313\Lib\smtplib.py", line 662, in auth
    raise SMTPAuthenticationError(code, resp)
smtplib.SMTPAuthenticationError: (535, b'5.7.8 Username and Password not accepted. For more information, go to\n5.7.8  https://support.google.com/mail/?p=BadCredentials 5a478bee46e88-30452461cb5sm9396724eec.31 - gsmtp')
2026-05-24 19:28:33 [INFO] excel_generator: Excel generado exitosamente: cierres\cierre_2026-05-24_Juan.xlsx
2026-05-24 19:28:39 [INFO] mail_sender: Correo enviado exitosamente a i2512554@continental.edu.pe
2026-05-24 19:28:39 [INFO] __main__: Proceso completado exitosamente
